2024-06-27 07:58:55.127  INFO 16892 --- [main] com.example.Application                  : Starting Application on LAPTOP-T6CTNR77 with PID 16892 (started by 33340 in D:\大学资料\大二学年资料\大二下\web\源码\deliciousFoods-main)
2024-06-27 07:58:55.135  INFO 16892 --- [main] com.example.Application                  : No active profile set, falling back to default profiles: default
2024-06-27 07:58:55.705  WARN 16892 --- [main] o.m.s.mapper.ClassPathMapperScanner      : No MyBatis mapper was found in '[com.example]' package. Please check your configuration.
2024-06-27 07:58:56.182  INFO 16892 --- [main] o.s.b.w.embedded.tomcat.TomcatWebServer  : Tomcat initialized with port(s): 8080 (http)
2024-06-27 07:58:56.196  INFO 16892 --- [main] o.apache.catalina.core.StandardService   : Starting service [Tomcat]
2024-06-27 07:58:56.197  INFO 16892 --- [main] org.apache.catalina.core.StandardEngine  : Starting Servlet Engine: Apache Tomcat/9.0.12
2024-06-27 07:58:56.202  INFO 16892 --- [main] o.a.catalina.core.AprLifecycleListener   : The APR based Apache Tomcat Native library which allows optimal performance in production environments was not found on the java.library.path: [D:\Users\33340\.jdks\corretto-1.8.0_412\bin;C:\WINDOWS\Sun\Java\bin;C:\WINDOWS\system32;C:\WINDOWS;C:\Program Files (x86)\Intel\Intel(R) Management Engine Components\iCLS\;C:\Program Files\Intel\Intel(R) Management Engine Components\iCLS\;C:\Windows\system32;C:\Windows;C:\Windows\System32\Wbem;C:\Windows\System32\WindowsPowerShell\v1.0\;C:\Windows\System32\OpenSSH\;C:\Program Files (x86)\NVIDIA Corporation\PhysX\Common;C:\Program Files (x86)\Intel\Intel(R) Management Engine Components\DAL;C:\Program Files\Intel\Intel(R) Management Engine Components\DAL;C:\Program Files (x86)\Intel\Intel(R) Management Engine Components\IPT;C:\Program Files\Intel\Intel(R) Management Engine Components\IPT;C:\Program Files\Intel\WiFi\bin\;C:\Program Files\Common Files\Intel\WirelessCommon\;C:\WINDOWS\system32;C:\WINDOWS;C:\WINDOWS\System32\Wbem;C:\WINDOWS\System32\WindowsPowerShell\v1.0\;C:\WINDOWS\System32\OpenSSH\;D:\Program Files\Bandizip\;D:\Windows Kits\10\Windows Performance Toolkit\;C:\Program Files\MySQL\MySQL Server 8.4\bin;C:\Users\33340\AppData\Roaming\Python\Python311\Scripts;C:\Users\33340\AppData\Local\Programs\Python\Python36\Scripts\;C:\Users\33340\AppData\Local\Programs\Python\Python36\;D:\Users\33340\anaconda3;D:\Users\33340\anaconda3\Library\mingw-w64\bin;D:\Users\33340\anaconda3\Library\usr\bin;D:\Users\33340\anaconda3\Library\bin;D:\Users\33340\anaconda3\Scripts;C:\Users\33340\AppData\Local\Microsoft\WindowsApps;D:\Program Files\JetBrains\IntelliJ IDEA 2023.3.4\bin;;D:\Program Files\JetBrains\PyCharm 2024.1.3\bin;;C:\ProgramData\anaconda3;C:\ProgramData\anaconda3\Scripts;C:\ProgramData\anaconda3\mingw-w64\bin;C:\ProgramData\anaconda3\usr\bin;C:\ProgramData\anaconda3\bin;.]
2024-06-27 07:58:56.321  INFO 16892 --- [main] o.a.c.c.C.[Tomcat].[localhost].[/]       : Initializing Spring embedded WebApplicationContext
2024-06-27 07:58:56.321  INFO 16892 --- [main] o.s.web.context.ContextLoader            : Root WebApplicationContext: initialization completed in 1141 ms
2024-06-27 07:58:56.339  INFO 16892 --- [main] o.s.b.w.servlet.ServletRegistrationBean  : Servlet dispatcherServlet mapped to [/]
2024-06-27 07:58:56.342  INFO 16892 --- [main] o.s.b.w.servlet.FilterRegistrationBean   : Mapping filter: 'characterEncodingFilter' to: [/*]
2024-06-27 07:58:56.342  INFO 16892 --- [main] o.s.b.w.servlet.FilterRegistrationBean   : Mapping filter: 'hiddenHttpMethodFilter' to: [/*]
2024-06-27 07:58:56.342  INFO 16892 --- [main] o.s.b.w.servlet.FilterRegistrationBean   : Mapping filter: 'formContentFilter' to: [/*]
2024-06-27 07:58:56.343  INFO 16892 --- [main] o.s.b.w.servlet.FilterRegistrationBean   : Mapping filter: 'requestContextFilter' to: [/*]
2024-06-27 07:58:57.207  INFO 16892 --- [main] o.s.s.concurrent.ThreadPoolTaskExecutor  : Initializing ExecutorService 'applicationTaskExecutor'
2024-06-27 07:58:57.449  INFO 16892 --- [main] o.s.b.w.embedded.tomcat.TomcatWebServer  : Tomcat started on port(s): 8080 (http) with context path ''
2024-06-27 07:58:57.451  INFO 16892 --- [main] com.example.Application                  : Started Application in 2.719 seconds (JVM running for 3.989)
2024-06-27 08:00:04.946  INFO 16892 --- [http-nio-8080-exec-4] o.a.c.c.C.[Tomcat].[localhost].[/]       : Initializing Spring DispatcherServlet 'dispatcherServlet'
2024-06-27 08:00:04.947  INFO 16892 --- [http-nio-8080-exec-4] o.s.web.servlet.DispatcherServlet        : Initializing Servlet 'dispatcherServlet'
2024-06-27 08:00:04.953  INFO 16892 --- [http-nio-8080-exec-4] o.s.web.servlet.DispatcherServlet        : Completed initialization in 6 ms
2024-06-27 08:00:05.051  INFO 16892 --- [http-nio-8080-exec-4] com.zaxxer.hikari.HikariDataSource       : HikariPool-1 - Starting...
2024-06-27 08:00:05.208  INFO 16892 --- [http-nio-8080-exec-4] com.zaxxer.hikari.HikariDataSource       : HikariPool-1 - Start completed.
2024-06-27 08:39:21.945  INFO 16892 --- [Thread-8] o.s.s.concurrent.ThreadPoolTaskExecutor  : Shutting down ExecutorService 'applicationTaskExecutor'
2024-06-27 08:39:21.946  INFO 16892 --- [Thread-8] com.zaxxer.hikari.HikariDataSource       : HikariPool-1 - Shutdown initiated...
2024-06-27 08:39:21.952  INFO 16892 --- [Thread-8] com.zaxxer.hikari.HikariDataSource       : HikariPool-1 - Shutdown completed.
2024-06-27 08:39:37.055  INFO 18468 --- [main] com.example.Application                  : Starting Application on LAPTOP-T6CTNR77 with PID 18468 (started by 33340 in D:\大学资料\大二学年资料\大二下\web\源码\deliciousFoods-main)
2024-06-27 08:39:37.059  INFO 18468 --- [main] com.example.Application                  : No active profile set, falling back to default profiles: default
2024-06-27 08:39:37.544  WARN 18468 --- [main] o.m.s.mapper.ClassPathMapperScanner      : No MyBatis mapper was found in '[com.example]' package. Please check your configuration.
2024-06-27 08:39:37.965  INFO 18468 --- [main] o.s.b.w.embedded.tomcat.TomcatWebServer  : Tomcat initialized with port(s): 8080 (http)
2024-06-27 08:39:37.975  INFO 18468 --- [main] o.apache.catalina.core.StandardService   : Starting service [Tomcat]
2024-06-27 08:39:37.976  INFO 18468 --- [main] org.apache.catalina.core.StandardEngine  : Starting Servlet Engine: Apache Tomcat/9.0.12
2024-06-27 08:39:37.980  INFO 18468 --- [main] o.a.catalina.core.AprLifecycleListener   : The APR based Apache Tomcat Native library which allows optimal performance in production environments was not found on the java.library.path: [D:\Users\33340\.jdks\corretto-1.8.0_412\bin;C:\WINDOWS\Sun\Java\bin;C:\WINDOWS\system32;C:\WINDOWS;C:\Program Files (x86)\Intel\Intel(R) Management Engine Components\iCLS\;C:\Program Files\Intel\Intel(R) Management Engine Components\iCLS\;C:\Windows\system32;C:\Windows;C:\Windows\System32\Wbem;C:\Windows\System32\WindowsPowerShell\v1.0\;C:\Windows\System32\OpenSSH\;C:\Program Files (x86)\NVIDIA Corporation\PhysX\Common;C:\Program Files (x86)\Intel\Intel(R) Management Engine Components\DAL;C:\Program Files\Intel\Intel(R) Management Engine Components\DAL;C:\Program Files (x86)\Intel\Intel(R) Management Engine Components\IPT;C:\Program Files\Intel\Intel(R) Management Engine Components\IPT;C:\Program Files\Intel\WiFi\bin\;C:\Program Files\Common Files\Intel\WirelessCommon\;C:\WINDOWS\system32;C:\WINDOWS;C:\WINDOWS\System32\Wbem;C:\WINDOWS\System32\WindowsPowerShell\v1.0\;C:\WINDOWS\System32\OpenSSH\;D:\Program Files\Bandizip\;D:\Windows Kits\10\Windows Performance Toolkit\;C:\Program Files\MySQL\MySQL Server 8.4\bin;C:\Users\33340\AppData\Roaming\Python\Python311\Scripts;C:\Users\33340\AppData\Local\Programs\Python\Python36\Scripts\;C:\Users\33340\AppData\Local\Programs\Python\Python36\;D:\Users\33340\anaconda3;D:\Users\33340\anaconda3\Library\mingw-w64\bin;D:\Users\33340\anaconda3\Library\usr\bin;D:\Users\33340\anaconda3\Library\bin;D:\Users\33340\anaconda3\Scripts;C:\Users\33340\AppData\Local\Microsoft\WindowsApps;D:\Program Files\JetBrains\IntelliJ IDEA 2023.3.4\bin;;D:\Program Files\JetBrains\PyCharm 2024.1.3\bin;;C:\ProgramData\anaconda3;C:\ProgramData\anaconda3\Scripts;C:\ProgramData\anaconda3\mingw-w64\bin;C:\ProgramData\anaconda3\usr\bin;C:\ProgramData\anaconda3\bin;.]
2024-06-27 08:39:38.089  INFO 18468 --- [main] o.a.c.c.C.[Tomcat].[localhost].[/]       : Initializing Spring embedded WebApplicationContext
2024-06-27 08:39:38.089  INFO 18468 --- [main] o.s.web.context.ContextLoader            : Root WebApplicationContext: initialization completed in 998 ms
2024-06-27 08:39:38.106  INFO 18468 --- [main] o.s.b.w.servlet.ServletRegistrationBean  : Servlet dispatcherServlet mapped to [/]
2024-06-27 08:39:38.108  INFO 18468 --- [main] o.s.b.w.servlet.FilterRegistrationBean   : Mapping filter: 'characterEncodingFilter' to: [/*]
2024-06-27 08:39:38.109  INFO 18468 --- [main] o.s.b.w.servlet.FilterRegistrationBean   : Mapping filter: 'hiddenHttpMethodFilter' to: [/*]
2024-06-27 08:39:38.109  INFO 18468 --- [main] o.s.b.w.servlet.FilterRegistrationBean   : Mapping filter: 'formContentFilter' to: [/*]
2024-06-27 08:39:38.109  INFO 18468 --- [main] o.s.b.w.servlet.FilterRegistrationBean   : Mapping filter: 'requestContextFilter' to: [/*]
2024-06-27 08:39:39.395  INFO 18468 --- [main] o.s.s.concurrent.ThreadPoolTaskExecutor  : Initializing ExecutorService 'applicationTaskExecutor'
2024-06-27 08:39:39.772  INFO 18468 --- [main] o.s.b.w.embedded.tomcat.TomcatWebServer  : Tomcat started on port(s): 8080 (http) with context path ''
2024-06-27 08:39:39.775  INFO 18468 --- [main] com.example.Application                  : Started Application in 3.081 seconds (JVM running for 4.457)
2024-06-27 08:40:15.724  INFO 18468 --- [http-nio-8080-exec-3] o.a.c.c.C.[Tomcat].[localhost].[/]       : Initializing Spring DispatcherServlet 'dispatcherServlet'
2024-06-27 08:40:15.725  INFO 18468 --- [http-nio-8080-exec-3] o.s.web.servlet.DispatcherServlet        : Initializing Servlet 'dispatcherServlet'
2024-06-27 08:40:15.734  INFO 18468 --- [http-nio-8080-exec-3] o.s.web.servlet.DispatcherServlet        : Completed initialization in 9 ms
2024-06-27 08:40:15.822  INFO 18468 --- [http-nio-8080-exec-2] com.zaxxer.hikari.HikariDataSource       : HikariPool-1 - Starting...
2024-06-27 08:40:15.922  INFO 18468 --- [http-nio-8080-exec-2] com.zaxxer.hikari.HikariDataSource       : HikariPool-1 - Start completed.
